{
  "uid" : "d7fab2c3e128a44a",
  "name" : "validLogin",
  "fullName" : "invideo.api.tests.LoginTests.validLogin",
  "historyId" : "4efaf94c6af2165fc21c6205e8293b2f",
  "time" : {
    "start" : 1634628119477,
    "stop" : 1634628122447,
    "duration" : 2970
  },
  "status" : "failed",
  "statusMessage" : "\nExpected: <200>\n     but: was <403>",
  "statusTrace" : "java.lang.AssertionError: \nExpected: <200>\n     but: was <403>\n\tat org.hamcrest.MatcherAssert.assertThat(MatcherAssert.java:18)\n\tat org.hamcrest.MatcherAssert.assertThat(MatcherAssert.java:6)\n\tat invideo.api.tests.LoginTests.assertStatusCode(LoginTests.java:36)\n\tat invideo.api.tests.LoginTests.validLogin(LoginTests.java:21)\n\tat java.base/jdk.internal.reflect.NativeMethodAccessorImpl.invoke0(Native Method)\n\tat java.base/jdk.internal.reflect.NativeMethodAccessorImpl.invoke(NativeMethodAccessorImpl.java:78)\n\tat java.base/jdk.internal.reflect.DelegatingMethodAccessorImpl.invoke(DelegatingMethodAccessorImpl.java:43)\n\tat java.base/java.lang.reflect.Method.invoke(Method.java:567)\n\tat org.testng.internal.MethodInvocationHelper.invokeMethod(MethodInvocationHelper.java:132)\n\tat org.testng.internal.TestInvoker.invokeMethod(TestInvoker.java:599)\n\tat org.testng.internal.TestInvoker.invokeTestMethod(TestInvoker.java:174)\n\tat org.testng.internal.MethodRunner.runInSequence(MethodRunner.java:46)\n\tat org.testng.internal.TestInvoker$MethodInvocationAgent.invoke(TestInvoker.java:822)\n\tat org.testng.internal.TestInvoker.invokeTestMethods(TestInvoker.java:147)\n\tat org.testng.internal.TestMethodWorker.invokeTestMethods(TestMethodWorker.java:146)\n\tat org.testng.internal.TestMethodWorker.run(TestMethodWorker.java:128)\n\tat java.base/java.util.ArrayList.forEach(ArrayList.java:1511)\n\tat org.testng.TestRunner.privateRun(TestRunner.java:764)\n\tat org.testng.TestRunner.run(TestRunner.java:585)\n\tat org.testng.SuiteRunner.runTest(SuiteRunner.java:384)\n\tat org.testng.SuiteRunner.runSequentially(SuiteRunner.java:378)\n\tat org.testng.SuiteRunner.privateRun(SuiteRunner.java:337)\n\tat org.testng.SuiteRunner.run(SuiteRunner.java:286)\n\tat org.testng.SuiteRunnerWorker.runSuite(SuiteRunnerWorker.java:53)\n\tat org.testng.SuiteRunnerWorker.run(SuiteRunnerWorker.java:96)\n\tat org.testng.TestNG.runSuitesSequentially(TestNG.java:1218)\n\tat org.testng.TestNG.runSuitesLocally(TestNG.java:1140)\n\tat org.testng.TestNG.runSuites(TestNG.java:1069)\n\tat org.testng.TestNG.run(TestNG.java:1037)\n\tat com.intellij.rt.testng.IDEARemoteTestNG.run(IDEARemoteTestNG.java:66)\n\tat com.intellij.rt.testng.RemoteTestNGStarter.main(RemoteTestNGStarter.java:109)\n",
  "flaky" : false,
  "newFailed" : false,
  "beforeStages" : [ ],
  "testStage" : {
    "status" : "failed",
    "statusMessage" : "\nExpected: <200>\n     but: was <403>",
    "statusTrace" : "java.lang.AssertionError: \nExpected: <200>\n     but: was <403>\n\tat org.hamcrest.MatcherAssert.assertThat(MatcherAssert.java:18)\n\tat org.hamcrest.MatcherAssert.assertThat(MatcherAssert.java:6)\n\tat invideo.api.tests.LoginTests.assertStatusCode(LoginTests.java:36)\n\tat invideo.api.tests.LoginTests.validLogin(LoginTests.java:21)\n\tat java.base/jdk.internal.reflect.NativeMethodAccessorImpl.invoke0(Native Method)\n\tat java.base/jdk.internal.reflect.NativeMethodAccessorImpl.invoke(NativeMethodAccessorImpl.java:78)\n\tat java.base/jdk.internal.reflect.DelegatingMethodAccessorImpl.invoke(DelegatingMethodAccessorImpl.java:43)\n\tat java.base/java.lang.reflect.Method.invoke(Method.java:567)\n\tat org.testng.internal.MethodInvocationHelper.invokeMethod(MethodInvocationHelper.java:132)\n\tat org.testng.internal.TestInvoker.invokeMethod(TestInvoker.java:599)\n\tat org.testng.internal.TestInvoker.invokeTestMethod(TestInvoker.java:174)\n\tat org.testng.internal.MethodRunner.runInSequence(MethodRunner.java:46)\n\tat org.testng.internal.TestInvoker$MethodInvocationAgent.invoke(TestInvoker.java:822)\n\tat org.testng.internal.TestInvoker.invokeTestMethods(TestInvoker.java:147)\n\tat org.testng.internal.TestMethodWorker.invokeTestMethods(TestMethodWorker.java:146)\n\tat org.testng.internal.TestMethodWorker.run(TestMethodWorker.java:128)\n\tat java.base/java.util.ArrayList.forEach(ArrayList.java:1511)\n\tat org.testng.TestRunner.privateRun(TestRunner.java:764)\n\tat org.testng.TestRunner.run(TestRunner.java:585)\n\tat org.testng.SuiteRunner.runTest(SuiteRunner.java:384)\n\tat org.testng.SuiteRunner.runSequentially(SuiteRunner.java:378)\n\tat org.testng.SuiteRunner.privateRun(SuiteRunner.java:337)\n\tat org.testng.SuiteRunner.run(SuiteRunner.java:286)\n\tat org.testng.SuiteRunnerWorker.runSuite(SuiteRunnerWorker.java:53)\n\tat org.testng.SuiteRunnerWorker.run(SuiteRunnerWorker.java:96)\n\tat org.testng.TestNG.runSuitesSequentially(TestNG.java:1218)\n\tat org.testng.TestNG.runSuitesLocally(TestNG.java:1140)\n\tat org.testng.TestNG.runSuites(TestNG.java:1069)\n\tat org.testng.TestNG.run(TestNG.java:1037)\n\tat com.intellij.rt.testng.IDEARemoteTestNG.run(IDEARemoteTestNG.java:66)\n\tat com.intellij.rt.testng.RemoteTestNGStarter.main(RemoteTestNGStarter.java:109)\n",
    "steps" : [ {
      "name" : "loginrequestBuilder",
      "time" : {
        "start" : 1634628119569,
        "stop" : 1634628119573,
        "duration" : 4
      },
      "status" : "passed",
      "steps" : [ ],
      "attachments" : [ ],
      "parameters" : [ {
        "name" : "userid",
        "value" : "ke23O8TF1O@example.in"
      }, {
        "name" : "password",
        "value" : "Password-1234"
      } ],
      "stepsCount" : 0,
      "attachmentsCount" : 0,
      "shouldDisplayMessage" : false,
      "hasContent" : true
    }, {
      "name" : "post",
      "time" : {
        "start" : 1634628119585,
        "stop" : 1634628122434,
        "duration" : 2849
      },
      "status" : "passed",
      "steps" : [ ],
      "attachments" : [ {
        "uid" : "65d2bd2f260e99e5",
        "name" : "Request",
        "source" : "65d2bd2f260e99e5.html",
        "type" : "text/html",
        "size" : 1815
      }, {
        "uid" : "de620f1d44dec503",
        "name" : "HTTP/1.1 403 Forbidden",
        "source" : "de620f1d44dec503.html",
        "type" : "text/html",
        "size" : 3754
      } ],
      "parameters" : [ {
        "name" : "loginRequest",
        "value" : "Login(userid=ke23O8TF1O@example.in, password=Password-1234, route=invideo, partnerToken=, referrer=app, profileDeviceId=1S-lO2f6SY1cbimhawuyWB, token=null, tokenExpires=null, email=null, userId=ke23O8TF1O@example.in, firstName=null, lastName=null, phone=null, account=null, id=null, role=null, accountDetails=null, emailArchetype=null, newUser=null)"
      } ],
      "stepsCount" : 0,
      "attachmentsCount" : 2,
      "shouldDisplayMessage" : false,
      "hasContent" : true
    }, {
      "name" : "assertStatusCode",
      "time" : {
        "start" : 1634628122435,
        "stop" : 1634628122442,
        "duration" : 7
      },
      "status" : "failed",
      "statusMessage" : "\nExpected: <200>\n     but: was <403>",
      "statusTrace" : "java.lang.AssertionError: \nExpected: <200>\n     but: was <403>\n\tat org.hamcrest.MatcherAssert.assertThat(MatcherAssert.java:18)\n\tat org.hamcrest.MatcherAssert.assertThat(MatcherAssert.java:6)\n\tat invideo.api.tests.LoginTests.assertStatusCode(LoginTests.java:36)\n\tat invideo.api.tests.LoginTests.validLogin(LoginTests.java:21)\n\tat java.base/jdk.internal.reflect.NativeMethodAccessorImpl.invoke0(Native Method)\n\tat java.base/jdk.internal.reflect.NativeMethodAccessorImpl.invoke(NativeMethodAccessorImpl.java:78)\n\tat java.base/jdk.internal.reflect.DelegatingMethodAccessorImpl.invoke(DelegatingMethodAccessorImpl.java:43)\n\tat java.base/java.lang.reflect.Method.invoke(Method.java:567)\n\tat org.testng.internal.MethodInvocationHelper.invokeMethod(MethodInvocationHelper.java:132)\n\tat org.testng.internal.TestInvoker.invokeMethod(TestInvoker.java:599)\n\tat org.testng.internal.TestInvoker.invokeTestMethod(TestInvoker.java:174)\n\tat org.testng.internal.MethodRunner.runInSequence(MethodRunner.java:46)\n\tat org.testng.internal.TestInvoker$MethodInvocationAgent.invoke(TestInvoker.java:822)\n\tat org.testng.internal.TestInvoker.invokeTestMethods(TestInvoker.java:147)\n\tat org.testng.internal.TestMethodWorker.invokeTestMethods(TestMethodWorker.java:146)\n\tat org.testng.internal.TestMethodWorker.run(TestMethodWorker.java:128)\n\tat java.base/java.util.ArrayList.forEach(ArrayList.java:1511)\n\tat org.testng.TestRunner.privateRun(TestRunner.java:764)\n\tat org.testng.TestRunner.run(TestRunner.java:585)\n\tat org.testng.SuiteRunner.runTest(SuiteRunner.java:384)\n\tat org.testng.SuiteRunner.runSequentially(SuiteRunner.java:378)\n\tat org.testng.SuiteRunner.privateRun(SuiteRunner.java:337)\n\tat org.testng.SuiteRunner.run(SuiteRunner.java:286)\n\tat org.testng.SuiteRunnerWorker.runSuite(SuiteRunnerWorker.java:53)\n\tat org.testng.SuiteRunnerWorker.run(SuiteRunnerWorker.java:96)\n\tat org.testng.TestNG.runSuitesSequentially(TestNG.java:1218)\n\tat org.testng.TestNG.runSuitesLocally(TestNG.java:1140)\n\tat org.testng.TestNG.runSuites(TestNG.java:1069)\n\tat org.testng.TestNG.run(TestNG.java:1037)\n\tat com.intellij.rt.testng.IDEARemoteTestNG.run(IDEARemoteTestNG.java:66)\n\tat com.intellij.rt.testng.RemoteTestNGStarter.main(RemoteTestNGStarter.java:109)\n",
      "steps" : [ ],
      "attachments" : [ ],
      "parameters" : [ {
        "name" : "actualStatusCode",
        "value" : "403"
      }, {
        "name" : "statusCode",
        "value" : "CODE_200"
      } ],
      "stepsCount" : 0,
      "attachmentsCount" : 0,
      "shouldDisplayMessage" : true,
      "hasContent" : true
    } ],
    "attachments" : [ ],
    "parameters" : [ ],
    "stepsCount" : 3,
    "attachmentsCount" : 2,
    "shouldDisplayMessage" : false,
    "hasContent" : true
  },
  "afterStages" : [ ],
  "labels" : [ {
    "name" : "package",
    "value" : "invideo.api.tests.LoginTests"
  }, {
    "name" : "testClass",
    "value" : "invideo.api.tests.LoginTests"
  }, {
    "name" : "testMethod",
    "value" : "validLogin"
  }, {
    "name" : "parentSuite",
    "value" : "Default Suite"
  }, {
    "name" : "suite",
    "value" : "RestAssuredInvideo"
  }, {
    "name" : "subSuite",
    "value" : "invideo.api.tests.LoginTests"
  }, {
    "name" : "host",
    "value" : "ashishs-MacBook-Pro.local"
  }, {
    "name" : "thread",
    "value" : "33428@ashishs-MacBook-Pro.local.main(1)"
  }, {
    "name" : "framework",
    "value" : "testng"
  }, {
    "name" : "language",
    "value" : "java"
  }, {
    "name" : "resultFormat",
    "value" : "allure2"
  } ],
  "parameters" : [ ],
  "links" : [ ],
  "hidden" : true,
  "retry" : true,
  "extra" : {
    "categories" : [ ],
    "tags" : [ ]
  },
  "source" : "d7fab2c3e128a44a.json",
  "parameterValues" : [ ]
}